<?xml version="1.0" encoding="UTF-8"?>
<testng-results ignored="0" total="1" passed="1" failed="0" skipped="0">
  <reporter-output>
  </reporter-output>
  <suite started-at="2021-01-12T21:12:44Z" name="Default suite" finished-at="2021-01-12T21:12:50Z" duration-ms="5401">
    <groups>
    </groups>
    <test started-at="2021-01-12T21:12:44Z" name="Default test" finished-at="2021-01-12T21:12:50Z" duration-ms="5401">
      <class name="tests.Testing">
        <test-method signature="opencheck()[pri:0, instance:tests.Testing@28b46423]" started-at="2021-01-12T21:12:44Z" name="opencheck" finished-at="2021-01-12T21:12:50Z" duration-ms="5387" status="PASS">
          <reporter-output>
          </reporter-output>
        </test-method> <!-- opencheck -->
      </class> <!-- tests.Testing -->
    </test> <!-- Default test -->
  </suite> <!-- Default suite -->
</testng-results>
